<?xml version="1.0" encoding="UTF-8"?>
<testng-results skipped="0" failed="0" total="1" passed="1">
  <reporter-output>
  </reporter-output>
  <suite name="Default suite" duration-ms="5517" started-at="2017-04-01T16:29:02Z" finished-at="2017-04-01T16:29:08Z">
    <groups>
    </groups>
    <test name="Default test" duration-ms="5517" started-at="2017-04-01T16:29:02Z" finished-at="2017-04-01T16:29:08Z">
      <class name="ControlCenter.EntryDoor">
        <test-method status="PASS" signature="Main()[pri:0, instance:ControlCenter.EntryDoor@3b81a1bc]" name="Main" duration-ms="5502" started-at="2017-04-02T00:29:02Z" finished-at="2017-04-02T00:29:08Z">
          <reporter-output>
          </reporter-output>
        </test-method> <!-- Main -->
      </class> <!-- ControlCenter.EntryDoor -->
    </test> <!-- Default test -->
  </suite> <!-- Default suite -->
</testng-results>
